<?xml version="1.0" encoding="UTF-8"?>
<testsuite name="ISAACCipherTest" tests="1" skipped="0" failures="0" errors="0" timestamp="2022-06-02T23:03:06" hostname="DESKTOP-R9BFN4E" time="0.011">
  <properties/>
  <testcase name="testNextInt" classname="ISAACCipherTest" time="0.011"/>
  <system-out><![CDATA[]]></system-out>
  <system-err><![CDATA[]]></system-err>
</testsuite>
